[2m2026-03-27T17:07:06.869194Z[0m [32m INFO[0m [2msqlx::postgres::notice[0m[2m:[0m schema "subpool_2" already exists, skipping
[2m2026-03-27T17:07:06.873371Z[0m [32m INFO[0m [2mtessera_subpool_operator[0m[2m:[0m subpool operator started [3msequencer[0m[2m=[0mhttp://127.0.0.1:3000 [3mrpc[0m[2m=[0mhttp://localhost:8545 [3mpoll_secs[0m[2m=[0m5 [3msubpool_id[0m[2m=[0m2
[2m2026-03-27T17:07:06.876615Z[0m [32m INFO[0m [2mtessera_subpool_operator::operator[0m[2m:[0m polled freshacc_requests [3mpending[0m[2m=[0m0
[2m2026-03-27T17:07:06.882529Z[0m [32m INFO[0m [2mtessera_subpool_operator::deposits[0m[2m:[0m polled deposit_tx_requests [3mpending[0m[2m=[0m0
[2m2026-03-27T17:07:06.885019Z[0m [32m INFO[0m [2mtessera_subpool_operator::spend_txs[0m[2m:[0m polled spend_tx_requests [3mpending[0m[2m=[0m0
[2m2026-03-27T17:07:11.875164Z[0m [32m INFO[0m [2mtessera_subpool_operator::operator[0m[2m:[0m polled freshacc_requests [3mpending[0m[2m=[0m0
[2m2026-03-27T17:07:11.875712Z[0m [32m INFO[0m [2mtessera_subpool_operator::deposits[0m[2m:[0m polled deposit_tx_requests [3mpending[0m[2m=[0m0
[2m2026-03-27T17:07:11.876462Z[0m [32m INFO[0m [2mtessera_subpool_operator::spend_txs[0m[2m:[0m polled spend_tx_requests [3mpending[0m[2m=[0m0
[2m2026-03-27T17:07:16.874832Z[0m [32m INFO[0m [2mtessera_subpool_operator::operator[0m[2m:[0m polled freshacc_requests [3mpending[0m[2m=[0m0
[2m2026-03-27T17:07:16.875457Z[0m [32m INFO[0m [2mtessera_subpool_operator::deposits[0m[2m:[0m polled deposit_tx_requests [3mpending[0m[2m=[0m0
[2m2026-03-27T17:07:16.876449Z[0m [32m INFO[0m [2mtessera_subpool_operator::spend_txs[0m[2m:[0m polled spend_tx_requests [3mpending[0m[2m=[0m0
[2m2026-03-27T17:07:21.874694Z[0m [32m INFO[0m [2mtessera_subpool_operator::operator[0m[2m:[0m polled freshacc_requests [3mpending[0m[2m=[0m0
[2m2026-03-27T17:07:21.875290Z[0m [32m INFO[0m [2mtessera_subpool_operator::deposits[0m[2m:[0m polled deposit_tx_requests [3mpending[0m[2m=[0m0
[2m2026-03-27T17:07:21.876267Z[0m [32m INFO[0m [2mtessera_subpool_operator::spend_txs[0m[2m:[0m polled spend_tx_requests [3mpending[0m[2m=[0m0
[2m2026-03-27T17:07:26.992990Z[0m [32m INFO[0m [2mtessera_subpool_operator::operator[0m[2m:[0m polled freshacc_requests [3mpending[0m[2m=[0m0
[2m2026-03-27T17:07:26.993833Z[0m [32m INFO[0m [2mtessera_subpool_operator::deposits[0m[2m:[0m polled deposit_tx_requests [3mpending[0m[2m=[0m0
[2m2026-03-27T17:07:26.994928Z[0m [32m INFO[0m [2mtessera_subpool_operator::spend_txs[0m[2m:[0m polled spend_tx_requests [3mpending[0m[2m=[0m0
[2m2026-03-27T17:07:31.992760Z[0m [32m INFO[0m [2mtessera_subpool_operator::operator[0m[2m:[0m polled freshacc_requests [3mpending[0m[2m=[0m0
[2m2026-03-27T17:07:31.993325Z[0m [32m INFO[0m [2mtessera_subpool_operator::deposits[0m[2m:[0m polled deposit_tx_requests [3mpending[0m[2m=[0m0
[2m2026-03-27T17:07:31.994222Z[0m [32m INFO[0m [2mtessera_subpool_operator::spend_txs[0m[2m:[0m polled spend_tx_requests [3mpending[0m[2m=[0m0
[2m2026-03-27T17:07:36.992836Z[0m [32m INFO[0m [2mtessera_subpool_operator::operator[0m[2m:[0m polled freshacc_requests [3mpending[0m[2m=[0m0
[2m2026-03-27T17:07:36.993445Z[0m [32m INFO[0m [2mtessera_subpool_operator::deposits[0m[2m:[0m polled deposit_tx_requests [3mpending[0m[2m=[0m0
[2m2026-03-27T17:07:36.994805Z[0m [32m INFO[0m [2mtessera_subpool_operator::spend_txs[0m[2m:[0m polled spend_tx_requests [3mpending[0m[2m=[0m0
[2m2026-03-27T17:07:41.992701Z[0m [32m INFO[0m [2mtessera_subpool_operator::operator[0m[2m:[0m polled freshacc_requests [3mpending[0m[2m=[0m0
[2m2026-03-27T17:07:41.993265Z[0m [32m INFO[0m [2mtessera_subpool_operator::deposits[0m[2m:[0m polled deposit_tx_requests [3mpending[0m[2m=[0m0
[2m2026-03-27T17:07:41.994519Z[0m [32m INFO[0m [2mtessera_subpool_operator::spend_txs[0m[2m:[0m polled spend_tx_requests [3mpending[0m[2m=[0m0
[2m2026-03-27T17:07:46.992641Z[0m [32m INFO[0m [2mtessera_subpool_operator::operator[0m[2m:[0m polled freshacc_requests [3mpending[0m[2m=[0m0
[2m2026-03-27T17:07:46.993258Z[0m [32m INFO[0m [2mtessera_subpool_operator::deposits[0m[2m:[0m polled deposit_tx_requests [3mpending[0m[2m=[0m0
[2m2026-03-27T17:07:46.994683Z[0m [32m INFO[0m [2mtessera_subpool_operator::spend_txs[0m[2m:[0m polled spend_tx_requests [3mpending[0m[2m=[0m0
[2m2026-03-27T17:07:51.993196Z[0m [32m INFO[0m [2mtessera_subpool_operator::operator[0m[2m:[0m polled freshacc_requests [3mpending[0m[2m=[0m0
[2m2026-03-27T17:07:51.993636Z[0m [32m INFO[0m [2mtessera_subpool_operator::deposits[0m[2m:[0m polled deposit_tx_requests [3mpending[0m[2m=[0m0
[2m2026-03-27T17:07:51.994621Z[0m [32m INFO[0m [2mtessera_subpool_operator::spend_txs[0m[2m:[0m polled spend_tx_requests [3mpending[0m[2m=[0m0
[2m2026-03-27T17:07:57.110932Z[0m [32m INFO[0m [2mtessera_subpool_operator::operator[0m[2m:[0m polled freshacc_requests [3mpending[0m[2m=[0m0
[2m2026-03-27T17:07:57.111428Z[0m [32m INFO[0m [2mtessera_subpool_operator::deposits[0m[2m:[0m polled deposit_tx_requests [3mpending[0m[2m=[0m0
[2m2026-03-27T17:07:57.112373Z[0m [32m INFO[0m [2mtessera_subpool_operator::spend_txs[0m[2m:[0m polled spend_tx_requests [3mpending[0m[2m=[0m0
[2m2026-03-27T17:08:02.110865Z[0m [32m INFO[0m [2mtessera_subpool_operator::operator[0m[2m:[0m polled freshacc_requests [3mpending[0m[2m=[0m0
[2m2026-03-27T17:08:02.111517Z[0m [32m INFO[0m [2mtessera_subpool_operator::deposits[0m[2m:[0m polled deposit_tx_requests [3mpending[0m[2m=[0m0
[2m2026-03-27T17:08:02.112801Z[0m [32m INFO[0m [2mtessera_subpool_operator::spend_txs[0m[2m:[0m polled spend_tx_requests [3mpending[0m[2m=[0m0
[2m2026-03-27T17:08:07.110184Z[0m [32m INFO[0m [2mtessera_subpool_operator::operator[0m[2m:[0m polled freshacc_requests [3mpending[0m[2m=[0m0
[2m2026-03-27T17:08:07.110692Z[0m [32m INFO[0m [2mtessera_subpool_operator::deposits[0m[2m:[0m polled deposit_tx_requests [3mpending[0m[2m=[0m0
[2m2026-03-27T17:08:07.111684Z[0m [32m INFO[0m [2mtessera_subpool_operator::spend_txs[0m[2m:[0m polled spend_tx_requests [3mpending[0m[2m=[0m0
[2m2026-03-27T17:08:12.110398Z[0m [32m INFO[0m [2mtessera_subpool_operator::operator[0m[2m:[0m polled freshacc_requests [3mpending[0m[2m=[0m0
[2m2026-03-27T17:08:12.110939Z[0m [32m INFO[0m [2mtessera_subpool_operator::deposits[0m[2m:[0m polled deposit_tx_requests [3mpending[0m[2m=[0m0
[2m2026-03-27T17:08:12.112032Z[0m [32m INFO[0m [2mtessera_subpool_operator::spend_txs[0m[2m:[0m polled spend_tx_requests [3mpending[0m[2m=[0m0
[2m2026-03-27T17:08:17.110322Z[0m [32m INFO[0m [2mtessera_subpool_operator::operator[0m[2m:[0m polled freshacc_requests [3mpending[0m[2m=[0m0
[2m2026-03-27T17:08:17.111081Z[0m [32m INFO[0m [2mtessera_subpool_operator::deposits[0m[2m:[0m polled deposit_tx_requests [3mpending[0m[2m=[0m0
[2m2026-03-27T17:08:17.112372Z[0m [32m INFO[0m [2mtessera_subpool_operator::spend_txs[0m[2m:[0m polled spend_tx_requests [3mpending[0m[2m=[0m0
[2m2026-03-27T17:08:22.110806Z[0m [32m INFO[0m [2mtessera_subpool_operator::operator[0m[2m:[0m polled freshacc_requests [3mpending[0m[2m=[0m0
[2m2026-03-27T17:08:22.111563Z[0m [32m INFO[0m [2mtessera_subpool_operator::deposits[0m[2m:[0m polled deposit_tx_requests [3mpending[0m[2m=[0m0
[2m2026-03-27T17:08:22.112641Z[0m [32m INFO[0m [2mtessera_subpool_operator::spend_txs[0m[2m:[0m polled spend_tx_requests [3mpending[0m[2m=[0m0
[2m2026-03-27T17:08:27.224745Z[0m [32m INFO[0m [2mtessera_subpool_operator::operator[0m[2m:[0m polled freshacc_requests [3mpending[0m[2m=[0m0
[2m2026-03-27T17:08:27.225256Z[0m [32m INFO[0m [2mtessera_subpool_operator::deposits[0m[2m:[0m polled deposit_tx_requests [3mpending[0m[2m=[0m0
[2m2026-03-27T17:08:27.225909Z[0m [32m INFO[0m [2mtessera_subpool_operator::spend_txs[0m[2m:[0m polled spend_tx_requests [3mpending[0m[2m=[0m0
[2m2026-03-27T17:08:32.224886Z[0m [32m INFO[0m [2mtessera_subpool_operator::operator[0m[2m:[0m polled freshacc_requests [3mpending[0m[2m=[0m0
[2m2026-03-27T17:08:32.225445Z[0m [32m INFO[0m [2mtessera_subpool_operator::deposits[0m[2m:[0m polled deposit_tx_requests [3mpending[0m[2m=[0m0
[2m2026-03-27T17:08:32.226144Z[0m [32m INFO[0m [2mtessera_subpool_operator::spend_txs[0m[2m:[0m polled spend_tx_requests [3mpending[0m[2m=[0m0
[2m2026-03-27T17:08:37.224578Z[0m [32m INFO[0m [2mtessera_subpool_operator::operator[0m[2m:[0m polled freshacc_requests [3mpending[0m[2m=[0m0
[2m2026-03-27T17:08:37.225079Z[0m [32m INFO[0m [2mtessera_subpool_operator::deposits[0m[2m:[0m polled deposit_tx_requests [3mpending[0m[2m=[0m0
[2m2026-03-27T17:08:37.225864Z[0m [32m INFO[0m [2mtessera_subpool_operator::spend_txs[0m[2m:[0m polled spend_tx_requests [3mpending[0m[2m=[0m0
[2m2026-03-27T17:08:42.224697Z[0m [32m INFO[0m [2mtessera_subpool_operator::operator[0m[2m:[0m polled freshacc_requests [3mpending[0m[2m=[0m0
[2m2026-03-27T17:08:42.225132Z[0m [32m INFO[0m [2mtessera_subpool_operator::deposits[0m[2m:[0m polled deposit_tx_requests [3mpending[0m[2m=[0m0
[2m2026-03-27T17:08:42.225743Z[0m [32m INFO[0m [2mtessera_subpool_operator::spend_txs[0m[2m:[0m polled spend_tx_requests [3mpending[0m[2m=[0m0
[2m2026-03-27T17:08:47.224643Z[0m [32m INFO[0m [2mtessera_subpool_operator::operator[0m[2m:[0m polled freshacc_requests [3mpending[0m[2m=[0m0
[2m2026-03-27T17:08:47.225689Z[0m [32m INFO[0m [2mtessera_subpool_operator::deposits[0m[2m:[0m polled deposit_tx_requests [3mpending[0m[2m=[0m0
[2m2026-03-27T17:08:47.227496Z[0m [32m INFO[0m [2mtessera_subpool_operator::spend_txs[0m[2m:[0m polled spend_tx_requests [3mpending[0m[2m=[0m0
[2m2026-03-27T17:08:52.224746Z[0m [32m INFO[0m [2mtessera_subpool_operator::operator[0m[2m:[0m polled freshacc_requests [3mpending[0m[2m=[0m0
[2m2026-03-27T17:08:52.225922Z[0m [32m INFO[0m [2mtessera_subpool_operator::deposits[0m[2m:[0m polled deposit_tx_requests [3mpending[0m[2m=[0m0
[2m2026-03-27T17:08:52.227658Z[0m [32m INFO[0m [2mtessera_subpool_operator::spend_txs[0m[2m:[0m polled spend_tx_requests [3mpending[0m[2m=[0m0
[2m2026-03-27T17:08:57.338865Z[0m [32m INFO[0m [2mtessera_subpool_operator::operator[0m[2m:[0m polled freshacc_requests [3mpending[0m[2m=[0m0
[2m2026-03-27T17:08:57.339603Z[0m [32m INFO[0m [2mtessera_subpool_operator::deposits[0m[2m:[0m polled deposit_tx_requests [3mpending[0m[2m=[0m0
[2m2026-03-27T17:08:57.340488Z[0m [32m INFO[0m [2mtessera_subpool_operator::spend_txs[0m[2m:[0m polled spend_tx_requests [3mpending[0m[2m=[0m0
[2m2026-03-27T17:09:02.339397Z[0m [32m INFO[0m [2mtessera_subpool_operator::operator[0m[2m:[0m polled freshacc_requests [3mpending[0m[2m=[0m0
[2m2026-03-27T17:09:02.340264Z[0m [32m INFO[0m [2mtessera_subpool_operator::deposits[0m[2m:[0m polled deposit_tx_requests [3mpending[0m[2m=[0m0
[2m2026-03-27T17:09:02.342277Z[0m [32m INFO[0m [2mtessera_subpool_operator::spend_txs[0m[2m:[0m polled spend_tx_requests [3mpending[0m[2m=[0m0
[2m2026-03-27T17:09:07.339122Z[0m [32m INFO[0m [2mtessera_subpool_operator::operator[0m[2m:[0m polled freshacc_requests [3mpending[0m[2m=[0m0
[2m2026-03-27T17:09:07.339578Z[0m [32m INFO[0m [2mtessera_subpool_operator::deposits[0m[2m:[0m polled deposit_tx_requests [3mpending[0m[2m=[0m0
[2m2026-03-27T17:09:07.340418Z[0m [32m INFO[0m [2mtessera_subpool_operator::spend_txs[0m[2m:[0m polled spend_tx_requests [3mpending[0m[2m=[0m0
[2m2026-03-27T17:09:12.338711Z[0m [32m INFO[0m [2mtessera_subpool_operator::operator[0m[2m:[0m polled freshacc_requests [3mpending[0m[2m=[0m0
[2m2026-03-27T17:09:12.340122Z[0m [32m INFO[0m [2mtessera_subpool_operator::deposits[0m[2m:[0m polled deposit_tx_requests [3mpending[0m[2m=[0m0
[2m2026-03-27T17:09:12.341444Z[0m [32m INFO[0m [2mtessera_subpool_operator::spend_txs[0m[2m:[0m polled spend_tx_requests [3mpending[0m[2m=[0m0
[2m2026-03-27T17:09:17.340999Z[0m [32m INFO[0m [2mtessera_subpool_operator::operator[0m[2m:[0m polled freshacc_requests [3mpending[0m[2m=[0m0
[2m2026-03-27T17:09:17.345519Z[0m [32m INFO[0m [2mtessera_subpool_operator::deposits[0m[2m:[0m polled deposit_tx_requests [3mpending[0m[2m=[0m0
[2m2026-03-27T17:09:17.347102Z[0m [32m INFO[0m [2mtessera_subpool_operator::spend_txs[0m[2m:[0m polled spend_tx_requests [3mpending[0m[2m=[0m0
[2m2026-03-27T17:09:22.338831Z[0m [32m INFO[0m [2mtessera_subpool_operator::operator[0m[2m:[0m polled freshacc_requests [3mpending[0m[2m=[0m0
[2m2026-03-27T17:09:22.339312Z[0m [32m INFO[0m [2mtessera_subpool_operator::deposits[0m[2m:[0m polled deposit_tx_requests [3mpending[0m[2m=[0m0
[2m2026-03-27T17:09:22.340104Z[0m [32m INFO[0m [2mtessera_subpool_operator::spend_txs[0m[2m:[0m polled spend_tx_requests [3mpending[0m[2m=[0m0
[2m2026-03-27T17:09:27.459023Z[0m [32m INFO[0m [2mtessera_subpool_operator::operator[0m[2m:[0m polled freshacc_requests [3mpending[0m[2m=[0m0
[2m2026-03-27T17:09:27.459729Z[0m [32m INFO[0m [2mtessera_subpool_operator::deposits[0m[2m:[0m polled deposit_tx_requests [3mpending[0m[2m=[0m0
[2m2026-03-27T17:09:27.461227Z[0m [32m INFO[0m [2mtessera_subpool_operator::spend_txs[0m[2m:[0m polled spend_tx_requests [3mpending[0m[2m=[0m0
[2m2026-03-27T17:09:32.457765Z[0m [32m INFO[0m [2mtessera_subpool_operator::operator[0m[2m:[0m polled freshacc_requests [3mpending[0m[2m=[0m1
[2m2026-03-27T17:09:32.458598Z[0m [32m INFO[0m [2mtessera_subpool_operator::operator[0m[2m:[0m FreshAcc transaction submitted to sequencer [3mid[0m[2m=[0m1 [3maddr[0m[2m=[0m0200000000000000a474969367c996dc24c2c8b9081dd431447d76d7a75ec8a5290f8bd92c80e654
[2m2026-03-27T17:09:32.463992Z[0m [32m INFO[0m [2mtessera_subpool_operator::operator[0m[2m:[0m FreshAcc request approved and account row created in DB [3mid[0m[2m=[0m1 [3maddr[0m[2m=[0m0200000000000000a474969367c996dc24c2c8b9081dd431447d76d7a75ec8a5290f8bd92c80e654
[2m2026-03-27T17:09:32.466027Z[0m [32m INFO[0m [2mtessera_subpool_operator::deposits[0m[2m:[0m polled deposit_tx_requests [3mpending[0m[2m=[0m0
[2m2026-03-27T17:09:32.467726Z[0m [32m INFO[0m [2mtessera_subpool_operator::spend_txs[0m[2m:[0m polled spend_tx_requests [3mpending[0m[2m=[0m0
[2m2026-03-27T17:09:37.458102Z[0m [32m INFO[0m [2mtessera_subpool_operator::operator[0m[2m:[0m polled freshacc_requests [3mpending[0m[2m=[0m0
[2m2026-03-27T17:09:37.458491Z[0m [32m INFO[0m [2mtessera_subpool_operator::deposits[0m[2m:[0m polled deposit_tx_requests [3mpending[0m[2m=[0m1
[2m2026-03-27T17:09:37.458520Z[0m [32m INFO[0m [2mtessera_subpool_operator::deposits[0m[2m:[0m broadcasting deposit tx on-chain [3mid[0m[2m=[0m1 [3maddr[0m[2m=[0m0200000000000000a474969367c996dc24c2c8b9081dd431447d76d7a75ec8a5290f8bd92c80e654
[2m2026-03-27T17:09:37.459512Z[0m [32m INFO[0m [2mtessera_subpool_operator::deposits[0m[2m:[0m deposit tx broadcast, waiting for receipt [3mid[0m[2m=[0m1 [3mtx_hash[0m[2m=[0m0xaf664b197a71d172d6638b678ff600a97628b4195fd3db64583f1cde3725aab4
[2m2026-03-27T17:09:37.460264Z[0m [32m INFO[0m [2mtessera_subpool_operator::deposits[0m[2m:[0m deposit tx confirmed on-chain [3mid[0m[2m=[0m1 [3mtx_hash[0m[2m=[0m0xaf664b197a71d172d6638b678ff600a97628b4195fd3db64583f1cde3725aab4
[2m2026-03-27T17:09:37.464579Z[0m [32m INFO[0m [2mtessera_subpool_operator::deposits[0m[2m:[0m deposit note submitted to sequencer [3mid[0m[2m=[0m1 [3maddr[0m[2m=[0m0200000000000000a474969367c996dc24c2c8b9081dd431447d76d7a75ec8a5290f8bd92c80e654
[2m2026-03-27T17:09:37.467947Z[0m [32m INFO[0m [2mtessera_subpool_operator::deposits[0m[2m:[0m deposit approved, PENDING input note created (awaiting on-chain confirmation) [3mid[0m[2m=[0m1 [3maddr[0m[2m=[0m0200000000000000a474969367c996dc24c2c8b9081dd431447d76d7a75ec8a5290f8bd92c80e654 [3masset_id[0m[2m=[0m1 [3mnew_balance[0m[2m=[0m2000
[2m2026-03-27T17:09:37.469237Z[0m [32m INFO[0m [2mtessera_subpool_operator::spend_txs[0m[2m:[0m polled spend_tx_requests [3mpending[0m[2m=[0m0
[2m2026-03-27T17:09:42.457630Z[0m [32m INFO[0m [2mtessera_subpool_operator::operator[0m[2m:[0m polled freshacc_requests [3mpending[0m[2m=[0m0
[2m2026-03-27T17:09:42.458210Z[0m [32m INFO[0m [2mtessera_subpool_operator::deposits[0m[2m:[0m polled deposit_tx_requests [3mpending[0m[2m=[0m0
[2m2026-03-27T17:09:42.460302Z[0m [32m INFO[0m [2mtessera_subpool_operator::spend_txs[0m[2m:[0m polled spend_tx_requests [3mpending[0m[2m=[0m0
[2m2026-03-27T17:09:47.458500Z[0m [32m INFO[0m [2mtessera_subpool_operator::operator[0m[2m:[0m polled freshacc_requests [3mpending[0m[2m=[0m0
[2m2026-03-27T17:09:47.459236Z[0m [32m INFO[0m [2mtessera_subpool_operator::deposits[0m[2m:[0m polled deposit_tx_requests [3mpending[0m[2m=[0m0
[2m2026-03-27T17:09:47.460831Z[0m [32m INFO[0m [2mtessera_subpool_operator::spend_txs[0m[2m:[0m polled spend_tx_requests [3mpending[0m[2m=[0m0
[2m2026-03-27T17:09:52.458504Z[0m [32m INFO[0m [2mtessera_subpool_operator::operator[0m[2m:[0m polled freshacc_requests [3mpending[0m[2m=[0m0
[2m2026-03-27T17:09:52.459185Z[0m [32m INFO[0m [2mtessera_subpool_operator::deposits[0m[2m:[0m polled deposit_tx_requests [3mpending[0m[2m=[0m0
[2m2026-03-27T17:09:52.461286Z[0m [32m INFO[0m [2mtessera_subpool_operator::spend_txs[0m[2m:[0m polled spend_tx_requests [3mpending[0m[2m=[0m0
[2m2026-03-27T17:09:57.586186Z[0m [32m INFO[0m [2mtessera_subpool_operator::operator[0m[2m:[0m polled freshacc_requests [3mpending[0m[2m=[0m0
[2m2026-03-27T17:09:57.586611Z[0m [32m INFO[0m [2mtessera_subpool_operator::deposits[0m[2m:[0m polled deposit_tx_requests [3mpending[0m[2m=[0m0
[2m2026-03-27T17:09:57.587701Z[0m [32m INFO[0m [2mtessera_subpool_operator::spend_txs[0m[2m:[0m polled spend_tx_requests [3mpending[0m[2m=[0m0
[2m2026-03-27T17:10:02.585431Z[0m [32m INFO[0m [2mtessera_subpool_operator::operator[0m[2m:[0m polled freshacc_requests [3mpending[0m[2m=[0m0
[2m2026-03-27T17:10:02.586036Z[0m [32m INFO[0m [2mtessera_subpool_operator::deposits[0m[2m:[0m polled deposit_tx_requests [3mpending[0m[2m=[0m0
[2m2026-03-27T17:10:02.589022Z[0m [32m INFO[0m [2mtessera_subpool_operator::deposits[0m[2m:[0m input note confirmed on-chain (deposit Validated) [3mid[0m[2m=[0m1 [3mnote_id[0m[2m=[0m0fbcf548b4571cc56fb9ec2d4c135eef
[2m2026-03-27T17:10:02.589383Z[0m [32m INFO[0m [2mtessera_subpool_operator::spend_txs[0m[2m:[0m polled spend_tx_requests [3mpending[0m[2m=[0m0
[2m2026-03-27T17:10:07.585611Z[0m [32m INFO[0m [2mtessera_subpool_operator::operator[0m[2m:[0m polled freshacc_requests [3mpending[0m[2m=[0m0
[2m2026-03-27T17:10:07.585963Z[0m [32m INFO[0m [2mtessera_subpool_operator::deposits[0m[2m:[0m polled deposit_tx_requests [3mpending[0m[2m=[0m0
[2m2026-03-27T17:10:07.586659Z[0m [32m INFO[0m [2mtessera_subpool_operator::spend_txs[0m[2m:[0m polled spend_tx_requests [3mpending[0m[2m=[0m1
[2m2026-03-27T17:10:07.590378Z[0m [32m INFO[0m [2mtessera_subpool_operator::spend_txs[0m[2m:[0m spend tx submitted to sequencer [3mid[0m[2m=[0m1 [3maddr[0m[2m=[0m0200000000000000a474969367c996dc24c2c8b9081dd431447d76d7a75ec8a5290f8bd92c80e654
[2m2026-03-27T17:10:07.592497Z[0m [32m INFO[0m [2mtessera_subpool_operator::spend_txs[0m[2m:[0m created input note for local recipient [3mid[0m[2m=[0m1 [3mnote_id[0m[2m=[0m0cf192aa121f9bfa71dce84ac4aa0478 [3mrecipient[0m[2m=[0m0200000000000000a474969367c996dc24c2c8b9081dd431447d76d7a75ec8a5290f8bd92c80e654
[2m2026-03-27T17:10:07.594590Z[0m [32m INFO[0m [2mtessera_subpool_operator::spend_txs[0m[2m:[0m forwarded output note to sequencer [3mid[0m[2m=[0m1 [3mnote_id[0m[2m=[0mf733dbbc0e7ffe0c05f663f3f6be7dc1 [3mtarget_subpool[0m[2m=[0m3 [3mrecipient[0m[2m=[0m0300000000000000682671ac1a9d1e92d51c09fe92e8e36b3b2e50486837e8e6af9179e639932356 [3msender[0m[2m=[0m0200000000000000a474969367c996dc24c2c8b9081dd431447d76d7a75ec8a5290f8bd92c80e654
[2m2026-03-27T17:10:07.594640Z[0m [32m INFO[0m [2mtessera_subpool_operator::spend_txs[0m[2m:[0m spend tx approved and settled [3mid[0m[2m=[0m1 [3maddr[0m[2m=[0m0200000000000000a474969367c996dc24c2c8b9081dd431447d76d7a75ec8a5290f8bd92c80e654
[2m2026-03-27T17:10:12.585265Z[0m [32m INFO[0m [2mtessera_subpool_operator::operator[0m[2m:[0m polled freshacc_requests [3mpending[0m[2m=[0m0
[2m2026-03-27T17:10:12.585905Z[0m [32m INFO[0m [2mtessera_subpool_operator::deposits[0m[2m:[0m polled deposit_tx_requests [3mpending[0m[2m=[0m0
[2m2026-03-27T17:10:12.586838Z[0m [32m INFO[0m [2mtessera_subpool_operator::spend_txs[0m[2m:[0m polled spend_tx_requests [3mpending[0m[2m=[0m0
[2m2026-03-27T17:10:12.587273Z[0m [32m INFO[0m [2mtessera_subpool_operator::spend_txs[0m[2m:[0m received forwarded notes from sequencer [3mcount[0m[2m=[0m1 [3msubpool_id[0m[2m=[0m2
[2m2026-03-27T17:10:12.587296Z[0m [32m INFO[0m [2mtessera_subpool_operator::spend_txs[0m[2m:[0m processing forwarded note from sequencer [3msubpool_id[0m[2m=[0m2 [3mnote_id[0m[2m=[0m2e57f99989c5f0a933269674fec55cf5 [3mrecipient[0m[2m=[0m0200000000000000a474969367c996dc24c2c8b9081dd431447d76d7a75ec8a5290f8bd92c80e654 [3msender[0m[2m=[0m0100000000000000980b4fe97fda25b1b28441f1ffb784ccf13ce34c978615e55301c9b2ab913446
[2m2026-03-27T17:10:12.589724Z[0m [32m INFO[0m [2mtessera_subpool_operator::spend_txs[0m[2m:[0m inserted forwarded note as local input note [3msubpool_id[0m[2m=[0m2 [3mnote_id[0m[2m=[0m2e57f99989c5f0a933269674fec55cf5 [3mrecipient[0m[2m=[0m0200000000000000a474969367c996dc24c2c8b9081dd431447d76d7a75ec8a5290f8bd92c80e654
[2m2026-03-27T17:10:12.590058Z[0m [32m INFO[0m [2mtessera_subpool_operator::spend_txs[0m[2m:[0m acknowledged forwarded notes [3msubpool_id[0m[2m=[0m2 [3mcount[0m[2m=[0m1
[2m2026-03-27T17:10:17.585564Z[0m [32m INFO[0m [2mtessera_subpool_operator::operator[0m[2m:[0m polled freshacc_requests [3mpending[0m[2m=[0m0
[2m2026-03-27T17:10:17.586000Z[0m [32m INFO[0m [2mtessera_subpool_operator::deposits[0m[2m:[0m polled deposit_tx_requests [3mpending[0m[2m=[0m0
[2m2026-03-27T17:10:17.586698Z[0m [32m INFO[0m [2mtessera_subpool_operator::spend_txs[0m[2m:[0m polled spend_tx_requests [3mpending[0m[2m=[0m0
[2m2026-03-27T17:10:22.586195Z[0m [32m INFO[0m [2mtessera_subpool_operator::operator[0m[2m:[0m polled freshacc_requests [3mpending[0m[2m=[0m0
[2m2026-03-27T17:10:22.588644Z[0m [32m INFO[0m [2mtessera_subpool_operator::deposits[0m[2m:[0m polled deposit_tx_requests [3mpending[0m[2m=[0m0
[2m2026-03-27T17:10:22.592582Z[0m [32m INFO[0m [2mtessera_subpool_operator::spend_txs[0m[2m:[0m polled spend_tx_requests [3mpending[0m[2m=[0m0
[2m2026-03-27T17:10:27.700537Z[0m [32m INFO[0m [2mtessera_subpool_operator::operator[0m[2m:[0m polled freshacc_requests [3mpending[0m[2m=[0m0
[2m2026-03-27T17:10:27.701251Z[0m [32m INFO[0m [2mtessera_subpool_operator::deposits[0m[2m:[0m polled deposit_tx_requests [3mpending[0m[2m=[0m0
[2m2026-03-27T17:10:27.702404Z[0m [32m INFO[0m [2mtessera_subpool_operator::spend_txs[0m[2m:[0m polled spend_tx_requests [3mpending[0m[2m=[0m0
[2m2026-03-27T17:10:32.700611Z[0m [32m INFO[0m [2mtessera_subpool_operator::operator[0m[2m:[0m polled freshacc_requests [3mpending[0m[2m=[0m0
[2m2026-03-27T17:10:32.701374Z[0m [32m INFO[0m [2mtessera_subpool_operator::deposits[0m[2m:[0m polled deposit_tx_requests [3mpending[0m[2m=[0m0
[2m2026-03-27T17:10:32.702471Z[0m [32m INFO[0m [2mtessera_subpool_operator::spend_txs[0m[2m:[0m polled spend_tx_requests [3mpending[0m[2m=[0m0
[2m2026-03-27T17:10:37.700441Z[0m [32m INFO[0m [2mtessera_subpool_operator::operator[0m[2m:[0m polled freshacc_requests [3mpending[0m[2m=[0m0
[2m2026-03-27T17:10:37.701156Z[0m [32m INFO[0m [2mtessera_subpool_operator::deposits[0m[2m:[0m polled deposit_tx_requests [3mpending[0m[2m=[0m0
[2m2026-03-27T17:10:37.702442Z[0m [32m INFO[0m [2mtessera_subpool_operator::spend_txs[0m[2m:[0m polled spend_tx_requests [3mpending[0m[2m=[0m0
