[2m2026-03-27T17:06:57.840086Z[0m [32m INFO[0m [2mtessera_demo::sequencer[0m[2m:[0m connected to on-chain contracts [3moperator[0m[2m=[0m0xf39Fd6e51aad88F6F4ce6aB8827279cffFb92266 [3mbridge[0m[2m=[0m0xCf7Ed3AccA5a467e9e704C703E8D87F634fB0Fc9 [3mtoken[0m[2m=[0m0x9fE46736679d2D9a65F0992F2272dE9f3c7fa6e0 [3mcurrent_root[0m[2m=[0m56368284217529135164631779317731005788155962379720221703133382383159683692575
[2m2026-03-27T17:06:57.840288Z[0m [32m INFO[0m [2mtessera_demo::sequencer[0m[2m:[0m sequencer HTTP API listening [3mbind_addr[0m[2m=[0m127.0.0.1:3000
[2m2026-03-27T17:06:57.840319Z[0m [32m INFO[0m [2mtessera_demo::sequencer[0m[2m:[0m   POST /deposit        - request deposit validation
[2m2026-03-27T17:06:57.840323Z[0m [32m INFO[0m [2mtessera_demo::sequencer[0m[2m:[0m   POST /transaction    - submit a private transaction
[2m2026-03-27T17:06:57.840325Z[0m [32m INFO[0m [2mtessera_demo::sequencer[0m[2m:[0m   GET  /status         - sequencer status
[2m2026-03-27T17:06:57.840327Z[0m [32m INFO[0m [2mtessera_demo::sequencer[0m[2m:[0m   GET  /config         - contract addresses
[2m2026-03-27T17:06:57.840329Z[0m [32m INFO[0m [2mtessera_demo::sequencer[0m[2m:[0m   POST /forward_note   - forward note to another subpool
[2m2026-03-27T17:06:57.840331Z[0m [32m INFO[0m [2mtessera_demo::sequencer[0m[2m:[0m   GET  /pending_notes/:id - poll forwarded notes for a subpool
[2m2026-03-27T17:06:57.840333Z[0m [32m INFO[0m [2mtessera_demo::sequencer[0m[2m:[0m   POST /ack_notes/:id     - acknowledge inserted forwarded notes
[2m2026-03-27T17:06:57.840334Z[0m [32m INFO[0m [2mtessera_demo::sequencer[0m[2m:[0m   GET  /note_position/:hex - lookup NCT leaf index for a note commitment
[2m2026-03-27T17:09:32.458396Z[0m [32m INFO[0m [2mtessera_demo::sequencer::handlers[0m[2m:[0m transaction queued [3mtx_id[0m[2m=[0mfreshacc-0300000000000000682671ac1a9d1e92d51c09fe92e8e36b3b2e50486837e8e6af9179e639932356 [3mslots_used[0m[2m=[0m1
[2m2026-03-27T17:09:32.458418Z[0m [32m INFO[0m [2mtessera_demo::sequencer::handlers[0m[2m:[0m transaction queued [3mtx_id[0m[2m=[0mfreshacc-0200000000000000a474969367c996dc24c2c8b9081dd431447d76d7a75ec8a5290f8bd92c80e654 [3mslots_used[0m[2m=[0m2
[2m2026-03-27T17:09:32.458493Z[0m [32m INFO[0m [2mtessera_demo::sequencer::handlers[0m[2m:[0m transaction queued [3mtx_id[0m[2m=[0mfreshacc-0100000000000000980b4fe97fda25b1b28441f1ffb784ccf13ce34c978615e55301c9b2ab913446 [3mslots_used[0m[2m=[0m3
[2m2026-03-27T17:09:37.464307Z[0m [32m INFO[0m [2mtessera_demo::sequencer::handlers[0m[2m:[0m deposit validation request queued [3mnote_commitment[0m[2m=[0m0x6adf7f7a96e11e90740947aead1fbe30ce403866b5075980ee115f184ea61692
[2m2026-03-27T17:09:37.464970Z[0m [32m INFO[0m [2mtessera_demo::sequencer::handlers[0m[2m:[0m deposit validation request queued [3mnote_commitment[0m[2m=[0m0x2adcf0b0cbdd3242cc8c9dff7bddfa738133b290a51e6dd708f70371e00ec807
[2m2026-03-27T17:09:37.465168Z[0m [32m INFO[0m [2mtessera_demo::sequencer::handlers[0m[2m:[0m deposit validation request queued [3mnote_commitment[0m[2m=[0m0xb6b368c92560aa3382010b82a958763701296173bfdf3478a2c1697b58de50b3
[2m2026-03-27T17:09:44.425500Z[0m [32m INFO[0m [2mtessera_demo::sequencer::batches[0m[2m:[0m submitting TX batch on-chain [3mreal_slots[0m[2m=[0m3 [3mnote_commitments[0m[2m=[0m448 [3maccount_commitments[0m[2m=[0m64
[2m2026-03-27T17:09:44.431406Z[0m [32m INFO[0m [2mtessera_demo::sequencer::batches[0m[2m:[0m TX batch gas estimate [3mgas_estimate[0m[2m=[0mOk(12477508)
[2m2026-03-27T17:09:44.439344Z[0m [32m INFO[0m [2mtessera_demo::sequencer::batches[0m[2m:[0m TX batch submitted; scheduling proof in 10s [3mpi_commitment[0m[2m=[0m0x1143cb75960614f7f1f04d251eb7bdd000923ab440dd48db2c401929742bdb49
[2m2026-03-27T17:09:48.425222Z[0m [32m INFO[0m [2mtessera_demo::sequencer::batches[0m[2m:[0m submitting deposit batch on-chain [3mdeposits[0m[2m=[0m3
[2m2026-03-27T17:09:48.688506Z[0m [32m INFO[0m [2mtessera_demo::sequencer::batches[0m[2m:[0m deposit batch submitted; scheduling proof in 10s [3mpi_commitment[0m[2m=[0m0xe67b3da4f578863d451c9860452bfd896d7dabef886059b2e0e3d17961ac55d9
[2m2026-03-27T17:09:54.440313Z[0m [32m INFO[0m [2mtessera_demo::sequencer::batches[0m[2m:[0m proving TX batch (zero proof) [3mpi_commitment[0m[2m=[0m0x1143cb75960614f7f1f04d251eb7bdd000923ab440dd48db2c401929742bdb49
[2m2026-03-27T17:09:54.462844Z[0m [32m INFO[0m [2mtessera_demo::sequencer::batches[0m[2m:[0m === TX batch CONFIRMED === [3mnew_root[0m[2m=[0m55332589934030467241566092647442150592457527314130906262371961786928518152570 [3mconfirmed_roots[0m[2m=[0m2 [3mlocal_tree_leaves[0m[2m=[0m512 [3mrecorded_positions[0m[2m=[0m512
[2m2026-03-27T17:09:58.817368Z[0m [32m INFO[0m [2mtessera_demo::sequencer::batches[0m[2m:[0m proving deposit batch (zero proof) [3mpi_commitment[0m[2m=[0m0xe67b3da4f578863d451c9860452bfd896d7dabef886059b2e0e3d17961ac55d9
[2m2026-03-27T17:09:58.839652Z[0m [32m INFO[0m [2mtessera_demo::sequencer::batches[0m[2m:[0m === Deposit batch CONFIRMED === [3mnew_root[0m[2m=[0m21503197674163253008967590471336314941173693323104417827445179191614463467929 [3mconfirmed_roots[0m[2m=[0m3 [3mlocal_tree_leaves[0m[2m=[0m1024 [3mrecorded_positions[0m[2m=[0m3
[2m2026-03-27T17:10:07.589950Z[0m [32m INFO[0m [2mtessera_demo::sequencer::handlers[0m[2m:[0m transaction queued [3mtx_id[0m[2m=[0mspend-1 [3mslots_used[0m[2m=[0m1
[2m2026-03-27T17:10:07.589963Z[0m [32m INFO[0m [2mtessera_demo::sequencer::handlers[0m[2m:[0m transaction queued [3mtx_id[0m[2m=[0mspend-1 [3mslots_used[0m[2m=[0m2
[2m2026-03-27T17:10:07.590289Z[0m [32m INFO[0m [2mtessera_demo::sequencer::handlers[0m[2m:[0m transaction queued [3mtx_id[0m[2m=[0mspend-1 [3mslots_used[0m[2m=[0m3
[2m2026-03-27T17:10:07.594444Z[0m [32m INFO[0m [2mtessera_demo::sequencer::handlers[0m[2m:[0m received forward_note request [3mtarget_subpool[0m[2m=[0m3 [3mnote_id[0m[2m=[0mf733dbbc0e7ffe0c05f663f3f6be7dc1 [3mrecipient[0m[2m=[0m0300000000000000682671ac1a9d1e92d51c09fe92e8e36b3b2e50486837e8e6af9179e639932356 [3msender[0m[2m=[0m0200000000000000a474969367c996dc24c2c8b9081dd431447d76d7a75ec8a5290f8bd92c80e654
[2m2026-03-27T17:10:07.594499Z[0m [32m INFO[0m [2mtessera_demo::sequencer::handlers[0m[2m:[0m forwarded note queued [3mtarget_subpool[0m[2m=[0m3 [3mqueue_size[0m[2m=[0m1
[2m2026-03-27T17:10:07.596217Z[0m [32m INFO[0m [2mtessera_demo::sequencer::handlers[0m[2m:[0m received forward_note request [3mtarget_subpool[0m[2m=[0m1 [3mnote_id[0m[2m=[0m5246a17af6ee97f13e2037159e6f663a [3mrecipient[0m[2m=[0m0100000000000000980b4fe97fda25b1b28441f1ffb784ccf13ce34c978615e55301c9b2ab913446 [3msender[0m[2m=[0m0300000000000000682671ac1a9d1e92d51c09fe92e8e36b3b2e50486837e8e6af9179e639932356
[2m2026-03-27T17:10:07.596253Z[0m [32m INFO[0m [2mtessera_demo::sequencer::handlers[0m[2m:[0m forwarded note queued [3mtarget_subpool[0m[2m=[0m1 [3mqueue_size[0m[2m=[0m1
[2m2026-03-27T17:10:07.596236Z[0m [32m INFO[0m [2mtessera_demo::sequencer::handlers[0m[2m:[0m received forward_note request [3mtarget_subpool[0m[2m=[0m2 [3mnote_id[0m[2m=[0m2e57f99989c5f0a933269674fec55cf5 [3mrecipient[0m[2m=[0m0200000000000000a474969367c996dc24c2c8b9081dd431447d76d7a75ec8a5290f8bd92c80e654 [3msender[0m[2m=[0m0100000000000000980b4fe97fda25b1b28441f1ffb784ccf13ce34c978615e55301c9b2ab913446
[2m2026-03-27T17:10:07.596277Z[0m [32m INFO[0m [2mtessera_demo::sequencer::handlers[0m[2m:[0m forwarded note queued [3mtarget_subpool[0m[2m=[0m2 [3mqueue_size[0m[2m=[0m1
[2m2026-03-27T17:10:07.596464Z[0m [32m INFO[0m [2mtessera_demo::sequencer::handlers[0m[2m:[0m peeked pending notes [3msubpool_id[0m[2m=[0m1 [3mcount[0m[2m=[0m1 [3mnote_ids[0m[2m=[0m["5246a17af6ee97f13e2037159e6f663a"]
[2m2026-03-27T17:10:07.596517Z[0m [32m INFO[0m [2mtessera_demo::sequencer::handlers[0m[2m:[0m peeked pending notes [3msubpool_id[0m[2m=[0m3 [3mcount[0m[2m=[0m1 [3mnote_ids[0m[2m=[0m["f733dbbc0e7ffe0c05f663f3f6be7dc1"]
[2m2026-03-27T17:10:07.598392Z[0m [32m INFO[0m [2mtessera_demo::sequencer::handlers[0m[2m:[0m acknowledged forwarded notes [3msubpool_id[0m[2m=[0m3 [3macked[0m[2m=[0m1
[2m2026-03-27T17:10:07.599448Z[0m [32m INFO[0m [2mtessera_demo::sequencer::handlers[0m[2m:[0m acknowledged forwarded notes [3msubpool_id[0m[2m=[0m1 [3macked[0m[2m=[0m1
[2m2026-03-27T17:10:12.587029Z[0m [32m INFO[0m [2mtessera_demo::sequencer::handlers[0m[2m:[0m peeked pending notes [3msubpool_id[0m[2m=[0m2 [3mcount[0m[2m=[0m1 [3mnote_ids[0m[2m=[0m["2e57f99989c5f0a933269674fec55cf5"]
[2m2026-03-27T17:10:12.589961Z[0m [32m INFO[0m [2mtessera_demo::sequencer::handlers[0m[2m:[0m acknowledged forwarded notes [3msubpool_id[0m[2m=[0m2 [3macked[0m[2m=[0m1
[2m2026-03-27T17:10:18.553416Z[0m [32m INFO[0m [2mtessera_demo::sequencer::batches[0m[2m:[0m submitting TX batch on-chain [3mreal_slots[0m[2m=[0m3 [3mnote_commitments[0m[2m=[0m448 [3maccount_commitments[0m[2m=[0m64
[2m2026-03-27T17:10:18.558375Z[0m [32m INFO[0m [2mtessera_demo::sequencer::batches[0m[2m:[0m TX batch gas estimate [3mgas_estimate[0m[2m=[0mOk(12477460)
[2m2026-03-27T17:10:18.565655Z[0m [32m INFO[0m [2mtessera_demo::sequencer::batches[0m[2m:[0m TX batch submitted; scheduling proof in 10s [3mpi_commitment[0m[2m=[0m0x6d4d29b61e637b5b161c730fc90a79b40049e3119476d0aae38bb26b10461bdb
[2m2026-03-27T17:10:28.682382Z[0m [32m INFO[0m [2mtessera_demo::sequencer::batches[0m[2m:[0m proving TX batch (zero proof) [3mpi_commitment[0m[2m=[0m0x6d4d29b61e637b5b161c730fc90a79b40049e3119476d0aae38bb26b10461bdb
[2m2026-03-27T17:10:28.955803Z[0m [32m INFO[0m [2mtessera_demo::sequencer::batches[0m[2m:[0m === TX batch CONFIRMED === [3mnew_root[0m[2m=[0m88595600793233084381265580058889912230893362132955095840609556573181108135313 [3mconfirmed_roots[0m[2m=[0m4 [3mlocal_tree_leaves[0m[2m=[0m1536 [3mrecorded_positions[0m[2m=[0m512
